{"C:\\Users\\akila\\Desktop\\movieapp\\my-app\\backend\\middleware\\auth.js": {"path":"C:\\Users\\akila\\Desktop\\movieapp\\my-app\\backend\\middleware\\auth.js","statementMap":{"0":{"start":{"line":1,"column":12},"end":{"line":1,"column":35}},"1":{"start":{"line":3,"column":19},"end":{"line":3,"column":62}},"2":{"start":{"line":7,"column":21},"end":{"line":7,"column":49}},"3":{"start":{"line":8,"column":16},"end":{"line":8,"column":54}},"4":{"start":{"line":10,"column":2},"end":{"line":10,"column":77}},"5":{"start":{"line":10,"column":14},"end":{"line":10,"column":77}},"6":{"start":{"line":12,"column":2},"end":{"line":16,"column":5}},"7":{"start":{"line":13,"column":4},"end":{"line":13,"column":80}},"8":{"start":{"line":13,"column":13},"end":{"line":13,"column":80}},"9":{"start":{"line":14,"column":4},"end":{"line":14,"column":20}},"10":{"start":{"line":15,"column":4},"end":{"line":15,"column":11}},"11":{"start":{"line":21,"column":2},"end":{"line":27,"column":4}},"12":{"start":{"line":22,"column":4},"end":{"line":22,"column":84}},"13":{"start":{"line":22,"column":19},"end":{"line":22,"column":84}},"14":{"start":{"line":23,"column":4},"end":{"line":25,"column":5}},"15":{"start":{"line":24,"column":6},"end":{"line":24,"column":102}},"16":{"start":{"line":26,"column":4},"end":{"line":26,"column":11}},"17":{"start":{"line":30,"column":0},"end":{"line":33,"column":2}}},"fnMap":{"0":{"name":"authenticateToken","decl":{"start":{"line":6,"column":9},"end":{"line":6,"column":26}},"loc":{"start":{"line":6,"column":43},"end":{"line":17,"column":1}},"line":6},"1":{"name":"(anonymous_1)","decl":{"start":{"line":12,"column":32},"end":{"line":12,"column":33}},"loc":{"start":{"line":12,"column":47},"end":{"line":16,"column":3}},"line":12},"2":{"name":"authorizeRoles","decl":{"start":{"line":20,"column":9},"end":{"line":20,"column":23}},"loc":{"start":{"line":20,"column":41},"end":{"line":28,"column":1}},"line":20},"3":{"name":"(anonymous_3)","decl":{"start":{"line":21,"column":9},"end":{"line":21,"column":10}},"loc":{"start":{"line":21,"column":29},"end":{"line":27,"column":3}},"line":21}},"branchMap":{"0":{"loc":{"start":{"line":3,"column":19},"end":{"line":3,"column":62}},"type":"binary-expr","locations":[{"start":{"line":3,"column":19},"end":{"line":3,"column":41}},{"start":{"line":3,"column":45},"end":{"line":3,"column":62}}],"line":3},"1":{"loc":{"start":{"line":8,"column":16},"end":{"line":8,"column":54}},"type":"binary-expr","locations":[{"start":{"line":8,"column":16},"end":{"line":8,"column":26}},{"start":{"line":8,"column":30},"end":{"line":8,"column":54}}],"line":8},"2":{"loc":{"start":{"line":10,"column":2},"end":{"line":10,"column":77}},"type":"if","locations":[{"start":{"line":10,"column":2},"end":{"line":10,"column":77}},{"start":{},"end":{}}],"line":10},"3":{"loc":{"start":{"line":13,"column":4},"end":{"line":13,"column":80}},"type":"if","locations":[{"start":{"line":13,"column":4},"end":{"line":13,"column":80}},{"start":{},"end":{}}],"line":13},"4":{"loc":{"start":{"line":22,"column":4},"end":{"line":22,"column":84}},"type":"if","locations":[{"start":{"line":22,"column":4},"end":{"line":22,"column":84}},{"start":{},"end":{}}],"line":22},"5":{"loc":{"start":{"line":23,"column":4},"end":{"line":25,"column":5}},"type":"if","locations":[{"start":{"line":23,"column":4},"end":{"line":25,"column":5}},{"start":{},"end":{}}],"line":23}},"s":{"0":1,"1":1,"2":3,"3":3,"4":3,"5":1,"6":2,"7":2,"8":1,"9":1,"10":1,"11":3,"12":3,"13":1,"14":2,"15":1,"16":1,"17":1},"f":{"0":3,"1":2,"2":3,"3":3},"b":{"0":[1,1],"1":[3,2],"2":[1,2],"3":[1,1],"4":[1,2],"5":[1,1]},"_coverageSchema":"1a1c01bbd47fc00a2c39e90264f33305004495a9","hash":"f554ca1c0ea3c1fe2d55b46446bee7ffddb183fc"}
}
