TN:
SF:backend\middleware\auth.js
FN:6,authenticateToken
FN:12,(anonymous_1)
FN:20,authorizeRoles
FN:21,(anonymous_3)
FNF:4
FNH:4
FNDA:3,authenticateToken
FNDA:2,(anonymous_1)
FNDA:3,authorizeRoles
FNDA:3,(anonymous_3)
DA:1,1
DA:3,1
DA:7,3
DA:8,3
DA:10,3
DA:12,2
DA:13,2
DA:14,1
DA:15,1
DA:21,3
DA:22,3
DA:23,2
DA:24,1
DA:26,1
DA:30,1
LF:15
LH:15
BRDA:3,0,0,1
BRDA:3,0,1,1
BRDA:8,1,0,3
BRDA:8,1,1,2
BRDA:10,2,0,1
BRDA:10,2,1,2
BRDA:13,3,0,1
BRDA:13,3,1,1
BRDA:22,4,0,1
BRDA:22,4,1,2
BRDA:23,5,0,1
BRDA:23,5,1,1
BRF:12
BRH:12
end_of_record
